<?xml version="1.0" encoding="UTF-8"?>
<!-- Generated by org.testng.reporters.JUnitReportReporter -->
<testsuite skipped="0" hostname="MyPC-PC" name="qa.pageObject.Base.Util.roughMine" tests="1" failures="0" timestamp="13 May 2017 22:02:19 GMT" time="0.688" errors="0">
  <testcase name="readData" time="0.688" classname="qa.pageObject.Base.Util.roughMine"/>
</testsuite> <!-- qa.pageObject.Base.Util.roughMine -->
