<?xml version="1.0" encoding="UTF-8"?>
<!-- Generated by org.testng.reporters.JUnitReportReporter -->
<testsuite skipped="2" hostname="MyPC-PC" name="qa.pageObject.TestCase.LoginTest" tests="3" failures="0" timestamp="16 May 2017 20:06:07 GMT" time="25.306" errors="0">
  <testcase name="doLogin" time="0.051" classname="qa.pageObject.TestCase.LoginTest">
    <skipped/>
  </testcase> <!-- doLogin -->
  <testcase name="doLogin" time="0.084" classname="qa.pageObject.TestCase.LoginTest">
    <skipped/>
  </testcase> <!-- doLogin -->
  <testcase name="doLogin" time="25.171" classname="qa.pageObject.TestCase.LoginTest"/>
</testsuite> <!-- qa.pageObject.TestCase.LoginTest -->
